<?xml version="1.0" encoding="UTF-8"?>
<testsuite xmlns:xsi="http://www.w3.org/2001/XMLSchema-instance" xsi:noNamespaceSchemaLocation="https://maven.apache.org/surefire/maven-surefire-plugin/xsd/surefire-test-report.xsd" name="com.li.springboot_vue.RedisConnectTest" time="16.452" tests="2" errors="0" skipped="0" failures="0">
  <properties>
[...]
</properties>
  <testcase name="testRedisConnect" classname="com.li.springboot_vue.RedisConnectTest" time="1.559"/>
  <testcase name="testRedisTemplate" classname="com.li.springboot_vue.RedisConnectTest" time="6.054"/>
</testsuite>